# JRE version: OpenJDK Runtime Environment (8.0_252-b09) (build 1.8.0_252-8u252-b09-1~18.04-b09)
# Java VM: OpenJDK 64-Bit Server VM (25.252-b09 mixed mode linux-amd64 compressed oops)
Heap:
 PSYoungGen      total 1349632K, used 0K [0x000000076ab00000, 0x00000007c0000000, 0x00000007c0000000)
  eden space 1304064K, 0% used [0x000000076ab00000,0x000000076ab00000,0x00000007ba480000)
  from space 45568K, 0% used [0x00000007ba480000,0x00000007ba480000,0x00000007bd100000)
  to   space 48128K, 0% used [0x00000007bd100000,0x00000007bd100000,0x00000007c0000000)
 ParOldGen       total 1685504K, used 348183K [0x00000006c0000000, 0x0000000726e00000, 0x000000076ab00000)
  object space 1685504K, 20% used [0x00000006c0000000,0x00000006d5405d30,0x0000000726e00000)
 Metaspace       used 60365K, capacity 62442K, committed 62720K, reserved 1103872K
  class space    used 8151K, capacity 8677K, committed 8704K, reserved 1048576K
GC Heap History (10 events):
Event: 163094.472 GC heap after
Heap after GC invocations=1971 (full 4):
 PSYoungGen      total 1342464K, used 31390K [0x000000076ab00000, 0x00000007c0000000, 0x00000007c0000000)
  eden space 1292288K, 0% used [0x000000076ab00000,0x000000076ab00000,0x00000007b9900000)
  from space 50176K, 62% used [0x00000007b9900000,0x00000007bb7a7be0,0x00000007bca00000)
  to   space 49152K, 0% used [0x00000007bd000000,0x00000007bd000000,0x00000007c0000000)
 ParOldGen       total 1679872K, used 1647102K [0x00000006c0000000, 0x0000000726880000, 0x000000076ab00000)
  object space 1679872K, 98% used [0x00000006c0000000,0x000000072487f898,0x0000000726880000)
 Metaspace       used 60365K, capacity 62442K, committed 62720K, reserved 1103872K
  class space    used 8151K, capacity 8677K, committed 8704K, reserved 1048576K
}
Event: 163128.301 GC heap before
{Heap before GC invocations=1972 (full 4):
 PSYoungGen      total 1342464K, used 1323678K [0x000000076ab00000, 0x00000007c0000000, 0x00000007c0000000)
  eden space 1292288K, 100% used [0x000000076ab00000,0x00000007b9900000,0x00000007b9900000)
  from space 50176K, 62% used [0x00000007b9900000,0x00000007bb7a7be0,0x00000007bca00000)
  to   space 49152K, 0% used [0x00000007bd000000,0x00000007bd000000,0x00000007c0000000)
 ParOldGen       total 1679872K, used 1647102K [0x00000006c0000000, 0x0000000726880000, 0x000000076ab00000)
  object space 1679872K, 98% used [0x00000006c0000000,0x000000072487f898,0x0000000726880000)
 Metaspace       used 60365K, capacity 62442K, committed 62720K, reserved 1103872K
  class space    used 8151K, capacity 8677K, committed 8704K, reserved 1048576K
Event: 163128.327 GC heap after
Heap after GC invocations=1972 (full 4):
 PSYoungGen      total 1343488K, used 31042K [0x000000076ab00000, 0x00000007bfc00000, 0x00000007c0000000)
  eden space 1298432K, 0% used [0x000000076ab00000,0x000000076ab00000,0x00000007b9f00000)
  from space 45056K, 68% used [0x00000007bd000000,0x00000007bee50b68,0x00000007bfc00000)
  to   space 47616K, 0% used [0x00000007b9f00000,0x00000007b9f00000,0x00000007bcd80000)
 ParOldGen       total 1679872K, used 1647118K [0x00000006c0000000, 0x0000000726880000, 0x000000076ab00000)
  object space 1679872K, 98% used [0x00000006c0000000,0x0000000724883898,0x0000000726880000)
 Metaspace       used 60365K, capacity 62442K, committed 62720K, reserved 1103872K
  class space    used 8151K, capacity 8677K, committed 8704K, reserved 1048576K
}
Event: 163161.306 GC heap before
{Heap before GC invocations=1973 (full 4):
 PSYoungGen      total 1343488K, used 1329474K [0x000000076ab00000, 0x00000007bfc00000, 0x00000007c0000000)
  eden space 1298432K, 100% used [0x000000076ab00000,0x00000007b9f00000,0x00000007b9f00000)
  from space 45056K, 68% used [0x00000007bd000000,0x00000007bee50b68,0x00000007bfc00000)
  to   space 47616K, 0% used [0x00000007b9f00000,0x00000007b9f00000,0x00000007bcd80000)
 ParOldGen       total 1679872K, used 1647118K [0x00000006c0000000, 0x0000000726880000, 0x000000076ab00000)
  object space 1679872K, 98% used [0x00000006c0000000,0x0000000724883898,0x0000000726880000)
 Metaspace       used 60365K, capacity 62442K, committed 62720K, reserved 1103872K
  class space    used 8151K, capacity 8677K, committed 8704K, reserved 1048576K
Event: 163161.329 GC heap after
Heap after GC invocations=1973 (full 4):
 PSYoungGen      total 1346048K, used 28066K [0x000000076ab00000, 0x00000007bff80000, 0x00000007c0000000)
  eden space 1298432K, 0% used [0x000000076ab00000,0x000000076ab00000,0x00000007b9f00000)
  from space 47616K, 58% used [0x00000007b9f00000,0x00000007bba68b68,0x00000007bcd80000)
  to   space 46080K, 0% used [0x00000007bd280000,0x00000007bd280000,0x00000007bff80000)
 ParOldGen       total 1679872K, used 1647134K [0x00000006c0000000, 0x0000000726880000, 0x000000076ab00000)
  object space 1679872K, 98% used [0x00000006c0000000,0x0000000724887898,0x0000000726880000)
 Metaspace       used 60365K, capacity 62442K, committed 62720K, reserved 1103872K
  class space    used 8151K, capacity 8677K, committed 8704K, reserved 1048576K
}
Event: 163193.453 GC heap before
{Heap before GC invocations=1974 (full 4):
 PSYoungGen      total 1346048K, used 1326498K [0x000000076ab00000, 0x00000007bff80000, 0x00000007c0000000)
  eden space 1298432K, 100% used [0x000000076ab00000,0x00000007b9f00000,0x00000007b9f00000)
  from space 47616K, 58% used [0x00000007b9f00000,0x00000007bba68b68,0x00000007bcd80000)
  to   space 46080K, 0% used [0x00000007bd280000,0x00000007bd280000,0x00000007bff80000)
 ParOldGen       total 1679872K, used 1647134K [0x00000006c0000000, 0x0000000726880000, 0x000000076ab00000)
  object space 1679872K, 98% used [0x00000006c0000000,0x0000000724887898,0x0000000726880000)
 Metaspace       used 60365K, capacity 62442K, committed 62720K, reserved 1103872K
  class space    used 8151K, capacity 8677K, committed 8704K, reserved 1048576K
Event: 163193.478 GC heap after
Heap after GC invocations=1974 (full 4):
 PSYoungGen      total 1348096K, used 32864K [0x000000076ab00000, 0x00000007bfd80000, 0x00000007c0000000)
  eden space 1304064K, 0% used [0x000000076ab00000,0x000000076ab00000,0x00000007ba480000)
  from space 44032K, 74% used [0x00000007bd280000,0x00000007bf298050,0x00000007bfd80000)
  to   space 45568K, 0% used [0x00000007ba480000,0x00000007ba480000,0x00000007bd100000)
 ParOldGen       total 1679872K, used 1647166K [0x00000006c0000000, 0x0000000726880000, 0x000000076ab00000)
  object space 1679872K, 98% used [0x00000006c0000000,0x000000072488f898,0x0000000726880000)
 Metaspace       used 60365K, capacity 62442K, committed 62720K, reserved 1103872K
  class space    used 8151K, capacity 8677K, committed 8704K, reserved 1048576K
}
Event: 163210.759 GC heap before
{Heap before GC invocations=1975 (full 4):
 PSYoungGen      total 1348096K, used 1336928K [0x000000076ab00000, 0x00000007bfd80000, 0x00000007c0000000)
  eden space 1304064K, 100% used [0x000000076ab00000,0x00000007ba480000,0x00000007ba480000)
  from space 44032K, 74% used [0x00000007bd280000,0x00000007bf298050,0x00000007bfd80000)
  to   space 45568K, 0% used [0x00000007ba480000,0x00000007ba480000,0x00000007bd100000)
 ParOldGen       total 1679872K, used 1647166K [0x00000006c0000000, 0x0000000726880000, 0x000000076ab00000)
  object space 1679872K, 98% used [0x00000006c0000000,0x000000072488f898,0x0000000726880000)
 Metaspace       used 60365K, capacity 62442K, committed 62720K, reserved 1103872K
  class space    used 8151K, capacity 8677K, committed 8704K, reserved 1048576K
Event: 163210.822 GC heap after
Heap after GC invocations=1975 (full 4):
 PSYoungGen      total 1349632K, used 45552K [0x000000076ab00000, 0x00000007c0000000, 0x00000007c0000000)
  eden space 1304064K, 0% used [0x000000076ab00000,0x000000076ab00000,0x00000007ba480000)
  from space 45568K, 99% used [0x00000007ba480000,0x00000007bd0fc080,0x00000007bd100000)
  to   space 48128K, 0% used [0x00000007bd100000,0x00000007bd100000,0x00000007c0000000)
 ParOldGen       total 1685504K, used 1685001K [0x00000006c0000000, 0x0000000726e00000, 0x000000076ab00000)
  object space 1685504K, 99% used [0x00000006c0000000,0x0000000726d82520,0x0000000726e00000)
 Metaspace       used 60365K, capacity 62442K, committed 62720K, reserved 1103872K
  class space    used 8151K, capacity 8677K, committed 8704K, reserved 1048576K
}
Event: 163210.822 GC heap before
{Heap before GC invocations=1976 (full 5):
 PSYoungGen      total 1349632K, used 45552K [0x000000076ab00000, 0x00000007c0000000, 0x00000007c0000000)
  eden space 1304064K, 0% used [0x000000076ab00000,0x000000076ab00000,0x00000007ba480000)
  from space 45568K, 99% used [0x00000007ba480000,0x00000007bd0fc080,0x00000007bd100000)
  to   space 48128K, 0% used [0x00000007bd100000,0x00000007bd100000,0x00000007c0000000)
 ParOldGen       total 1685504K, used 1685001K [0x00000006c0000000, 0x0000000726e00000, 0x000000076ab00000)
  object space 1685504K, 99% used [0x00000006c0000000,0x0000000726d82520,0x0000000726e00000)
 Metaspace       used 60365K, capacity 62442K, committed 62720K, reserved 1103872K
  class space    used 8151K, capacity 8677K, committed 8704K, reserved 1048576K

